<?xml version="1.0" encoding="UTF-8"?>
<testsuite name="com.spreadmat.vendor.VendorApplicationTests" tests="1" skipped="0" failures="0" errors="0" timestamp="2021-11-26T23:24:48" hostname="DESKTOP-CEOTH6P" time="0.063">
  <properties/>
  <testcase name="contextLoads()" classname="com.spreadmat.vendor.VendorApplicationTests" time="0.063"/>
  <system-out><![CDATA[08:24:39.702 [Test worker] DEBUG org.springframework.test.context.BootstrapUtils - Instantiating CacheAwareContextLoaderDelegate from class [org.springframework.test.context.cache.DefaultCacheAwareContextLoaderDelegate]
08:24:39.715 [Test worker] DEBUG org.springframework.test.context.BootstrapUtils - Instantiating BootstrapContext using constructor [public org.springframework.test.context.support.DefaultBootstrapContext(java.lang.Class,org.springframework.test.context.CacheAwareContextLoaderDelegate)]
08:24:39.751 [Test worker] DEBUG org.springframework.test.context.BootstrapUtils - Instantiating TestContextBootstrapper for test class [com.spreadmat.vendor.VendorApplicationTests] from class [org.springframework.boot.test.context.SpringBootTestContextBootstrapper]
08:24:39.762 [Test worker] INFO org.springframework.boot.test.context.SpringBootTestContextBootstrapper - Neither @ContextConfiguration nor @ContextHierarchy found for test class [com.spreadmat.vendor.VendorApplicationTests], using SpringBootContextLoader
08:24:39.766 [Test worker] DEBUG org.springframework.test.context.support.AbstractContextLoader - Did not detect default resource location for test class [com.spreadmat.vendor.VendorApplicationTests]: class path resource [com/spreadmat/vendor/VendorApplicationTests-context.xml] does not exist
08:24:39.766 [Test worker] DEBUG org.springframework.test.context.support.AbstractContextLoader - Did not detect default resource location for test class [com.spreadmat.vendor.VendorApplicationTests]: class path resource [com/spreadmat/vendor/VendorApplicationTestsContext.groovy] does not exist
08:24:39.766 [Test worker] INFO org.springframework.test.context.support.AbstractContextLoader - Could not detect default resource locations for test class [com.spreadmat.vendor.VendorApplicationTests]: no resource found for suffixes {-context.xml, Context.groovy}.
08:24:39.766 [Test worker] INFO org.springframework.test.context.support.AnnotationConfigContextLoaderUtils - Could not detect default configuration classes for test class [com.spreadmat.vendor.VendorApplicationTests]: VendorApplicationTests does not declare any static, non-private, non-final, nested classes annotated with @Configuration.
08:24:39.806 [Test worker] DEBUG org.springframework.test.context.support.ActiveProfilesUtils - Could not find an 'annotation declaring class' for annotation type [org.springframework.test.context.ActiveProfiles] and class [com.spreadmat.vendor.VendorApplicationTests]
08:24:39.852 [Test worker] DEBUG org.springframework.context.annotation.ClassPathScanningCandidateComponentProvider - Identified candidate component class: file [D:\Projects\microtest\vendor\build\classes\java\main\com\spreadmat\vendor\VendorApplication.class]
08:24:39.853 [Test worker] INFO org.springframework.boot.test.context.SpringBootTestContextBootstrapper - Found @SpringBootConfiguration com.spreadmat.vendor.VendorApplication for test class com.spreadmat.vendor.VendorApplicationTests
08:24:39.930 [Test worker] DEBUG org.springframework.boot.test.context.SpringBootTestContextBootstrapper - @TestExecutionListeners is not present for class [com.spreadmat.vendor.VendorApplicationTests]: using defaults.
08:24:39.931 [Test worker] INFO org.springframework.boot.test.context.SpringBootTestContextBootstrapper - Loaded default TestExecutionListener class names from location [META-INF/spring.factories]: [org.springframework.boot.test.autoconfigure.restdocs.RestDocsTestExecutionListener, org.springframework.boot.test.autoconfigure.web.client.MockRestServiceServerResetTestExecutionListener, org.springframework.boot.test.autoconfigure.web.servlet.MockMvcPrintOnlyOnFailureTestExecutionListener, org.springframework.boot.test.autoconfigure.web.servlet.WebDriverTestExecutionListener, org.springframework.boot.test.autoconfigure.webservices.client.MockWebServiceServerTestExecutionListener, org.springframework.boot.test.mock.mockito.MockitoTestExecutionListener, org.springframework.boot.test.mock.mockito.ResetMocksTestExecutionListener, org.springframework.test.context.web.ServletTestExecutionListener, org.springframework.test.context.support.DirtiesContextBeforeModesTestExecutionListener, org.springframework.test.context.event.ApplicationEventsTestExecutionListener, org.springframework.test.context.support.DependencyInjectionTestExecutionListener, org.springframework.test.context.support.DirtiesContextTestExecutionListener, org.springframework.test.context.transaction.TransactionalTestExecutionListener, org.springframework.test.context.jdbc.SqlScriptsTestExecutionListener, org.springframework.test.context.event.EventPublishingTestExecutionListener]
08:24:39.980 [Test worker] INFO org.springframework.boot.test.context.SpringBootTestContextBootstrapper - Using TestExecutionListeners: [org.springframework.test.context.web.ServletTestExecutionListener@3cdf2c61, org.springframework.test.context.support.DirtiesContextBeforeModesTestExecutionListener@13ad5cd3, org.springframework.test.context.event.ApplicationEventsTestExecutionListener@1c33c17b, org.springframework.boot.test.mock.mockito.MockitoTestExecutionListener@5bf0fe62, org.springframework.boot.test.autoconfigure.SpringBootDependencyInjectionTestExecutionListener@1e097d59, org.springframework.test.context.support.DirtiesContextTestExecutionListener@673be18f, org.springframework.test.context.transaction.TransactionalTestExecutionListener@6581dc0a, org.springframework.test.context.jdbc.SqlScriptsTestExecutionListener@39de3d36, org.springframework.test.context.event.EventPublishingTestExecutionListener@6ce86ce1, org.springframework.boot.test.autoconfigure.restdocs.RestDocsTestExecutionListener@54e7df6a, org.springframework.boot.test.autoconfigure.web.client.MockRestServiceServerResetTestExecutionListener@3fed2870, org.springframework.boot.test.autoconfigure.web.servlet.MockMvcPrintOnlyOnFailureTestExecutionListener@77128536, org.springframework.boot.test.autoconfigure.web.servlet.WebDriverTestExecutionListener@58326051, org.springframework.boot.test.autoconfigure.webservices.client.MockWebServiceServerTestExecutionListener@32c4e8b2, org.springframework.boot.test.mock.mockito.ResetMocksTestExecutionListener@64bce832]
08:24:40.021 [Test worker] DEBUG org.springframework.test.context.support.AbstractDirtiesContextTestExecutionListener - Before test class: context [DefaultTestContext@2c4d1ac testClass = VendorApplicationTests, testInstance = [null], testMethod = [null], testException = [null], mergedContextConfiguration = [WebMergedContextConfiguration@7f0d96f2 testClass = VendorApplicationTests, locations = '{}', classes = '{class com.spreadmat.vendor.VendorApplication}', contextInitializerClasses = '[]', activeProfiles = '{}', propertySourceLocations = '{}', propertySourceProperties = '{org.springframework.boot.test.context.SpringBootTestContextBootstrapper=true}', contextCustomizers = set[org.springframework.boot.test.autoconfigure.actuate.metrics.MetricsExportContextCustomizerFactory$DisableMetricExportContextCustomizer@35dab4eb, org.springframework.boot.test.autoconfigure.properties.PropertyMappingContextCustomizer@0, org.springframework.boot.test.autoconfigure.web.servlet.WebDriverContextCustomizerFactory$Customizer@57a78e3, org.springframework.boot.test.context.filter.ExcludeFilterContextCustomizer@5386659f, org.springframework.boot.test.json.DuplicateJsonObjectContextCustomizerFactory$DuplicateJsonObjectContextCustomizer@1caa0244, org.springframework.boot.test.mock.mockito.MockitoContextCustomizer@0, org.springframework.boot.test.web.client.TestRestTemplateContextCustomizer@303cf2ba, org.springframework.boot.test.context.SpringBootTestArgs@1, org.springframework.boot.test.context.SpringBootTestWebEnvironment@1677d1], resourceBasePath = 'src/main/webapp', contextLoader = 'org.springframework.boot.test.context.SpringBootContextLoader', parent = [null]], attributes = map['org.springframework.test.context.web.ServletTestExecutionListener.activateListener' -> true]], class annotated with @DirtiesContext [false] with mode [null].
08:24:40.054 [Test worker] DEBUG org.springframework.test.context.support.TestPropertySourceUtils - Adding inlined properties to environment: {spring.jmx.enabled=false, org.springframework.boot.test.context.SpringBootTestContextBootstrapper=true}

  .   ____          _            __ _ _
 /\\ / ___'_ __ _ _(_)_ __  __ _ \ \ \ \
( ( )\___ | '_ | '_| | '_ \/ _` | \ \ \ \
 \\/  ___)| |_)| | | | | || (_| |  ) ) ) )
  '  |____| .__|_| |_|_| |_\__, | / / / /
 =========|_|==============|___/=/_/_/_/
 :: Spring Boot ::                (v2.5.5)

2021-11-27 08:24:42.277  INFO 27948 --- [    Test worker] c.s.vendor.VendorApplicationTests        : Starting VendorApplicationTests using Java 1.8.0_301 on DESKTOP-CEOTH6P with PID 27948 (started by NRholic in D:\Projects\microtest\vendor)
2021-11-27 08:24:42.278  INFO 27948 --- [    Test worker] c.s.vendor.VendorApplicationTests        : No active profile set, falling back to default profiles: default
2021-11-27 08:24:43.154  INFO 27948 --- [    Test worker] .s.d.r.c.RepositoryConfigurationDelegate : Bootstrapping Spring Data JPA repositories in DEFAULT mode.
2021-11-27 08:24:43.297  INFO 27948 --- [    Test worker] .s.d.r.c.RepositoryConfigurationDelegate : Finished Spring Data repository scanning in 137 ms. Found 4 JPA repository interfaces.
2021-11-27 08:24:43.448  INFO 27948 --- [    Test worker] o.s.cloud.context.scope.GenericScope     : BeanFactory id=cbbb8656-9e15-338a-89bd-8a297ab685b1
2021-11-27 08:24:43.520  INFO 27948 --- [    Test worker] faultConfiguringBeanFactoryPostProcessor : No bean named 'errorChannel' has been explicitly defined. Therefore, a default PublishSubscribeChannel will be created.
2021-11-27 08:24:43.531  INFO 27948 --- [    Test worker] faultConfiguringBeanFactoryPostProcessor : No bean named 'integrationHeaderChannelRegistry' has been explicitly defined. Therefore, a default DefaultHeaderChannelRegistry will be created.
2021-11-27 08:24:43.654  INFO 27948 --- [    Test worker] trationDelegate$BeanPostProcessorChecker : Bean 'org.springframework.cloud.stream.config.BindersHealthIndicatorAutoConfiguration' of type [org.springframework.cloud.stream.config.BindersHealthIndicatorAutoConfiguration] is not eligible for getting processed by all BeanPostProcessors (for example: not eligible for auto-proxying)
2021-11-27 08:24:43.659  INFO 27948 --- [    Test worker] trationDelegate$BeanPostProcessorChecker : Bean 'bindersHealthContributor' of type [org.springframework.cloud.stream.config.BindersHealthIndicatorAutoConfiguration$BindersHealthContributor] is not eligible for getting processed by all BeanPostProcessors (for example: not eligible for auto-proxying)
2021-11-27 08:24:43.662  INFO 27948 --- [    Test worker] trationDelegate$BeanPostProcessorChecker : Bean 'bindersHealthIndicatorListener' of type [org.springframework.cloud.stream.config.BindersHealthIndicatorAutoConfiguration$BindersHealthIndicatorListener] is not eligible for getting processed by all BeanPostProcessors (for example: not eligible for auto-proxying)
2021-11-27 08:24:43.675  INFO 27948 --- [    Test worker] trationDelegate$BeanPostProcessorChecker : Bean 'org.springframework.integration.config.IntegrationManagementConfiguration' of type [org.springframework.integration.config.IntegrationManagementConfiguration] is not eligible for getting processed by all BeanPostProcessors (for example: not eligible for auto-proxying)
2021-11-27 08:24:43.691  INFO 27948 --- [    Test worker] trationDelegate$BeanPostProcessorChecker : Bean 'integrationChannelResolver' of type [org.springframework.integration.support.channel.BeanFactoryChannelResolver] is not eligible for getting processed by all BeanPostProcessors (for example: not eligible for auto-proxying)
2021-11-27 08:24:43.693  INFO 27948 --- [    Test worker] trationDelegate$BeanPostProcessorChecker : Bean 'integrationDisposableAutoCreatedBeans' of type [org.springframework.integration.config.annotation.Disposables] is not eligible for getting processed by all BeanPostProcessors (for example: not eligible for auto-proxying)
2021-11-27 08:24:43.854  INFO 27948 --- [    Test worker] com.zaxxer.hikari.HikariDataSource       : HikariPool-1 - Starting...
2021-11-27 08:24:43.926  INFO 27948 --- [    Test worker] com.zaxxer.hikari.HikariDataSource       : HikariPool-1 - Start completed.
2021-11-27 08:24:43.985  INFO 27948 --- [    Test worker] o.hibernate.jpa.internal.util.LogHelper  : HHH000204: Processing PersistenceUnitInfo [name: default]
2021-11-27 08:24:44.058  INFO 27948 --- [    Test worker] org.hibernate.Version                    : HHH000412: Hibernate ORM core version 5.4.32.Final
2021-11-27 08:24:44.191  INFO 27948 --- [    Test worker] o.hibernate.annotations.common.Version   : HCANN000001: Hibernate Commons Annotations {5.1.2.Final}
2021-11-27 08:24:44.308  INFO 27948 --- [    Test worker] org.hibernate.dialect.Dialect            : HHH000400: Using dialect: org.hibernate.dialect.MariaDB103Dialect
2021-11-27 08:24:44.865  INFO 27948 --- [    Test worker] o.h.e.t.j.p.i.JtaPlatformInitiator       : HHH000490: Using JtaPlatform implementation: [org.hibernate.engine.transaction.jta.platform.internal.NoJtaPlatform]
2021-11-27 08:24:44.872  INFO 27948 --- [    Test worker] j.LocalContainerEntityManagerFactoryBean : Initialized JPA EntityManagerFactory for persistence unit 'default'
2021-11-27 08:24:45.599  WARN 27948 --- [    Test worker] JpaBaseConfiguration$JpaWebConfiguration : spring.jpa.open-in-view is enabled by default. Therefore, database queries may be performed during view rendering. Explicitly configure spring.jpa.open-in-view to disable this warning
2021-11-27 08:24:46.379  INFO 27948 --- [    Test worker] c.f.c.c.BeanFactoryAwareFunctionRegistry : Can't determine default function definition. Please use 'spring.cloud.function.definition' property to explicitly define it.
2021-11-27 08:24:48.585  INFO 27948 --- [    Test worker] o.s.cloud.commons.util.InetUtils         : Cannot determine local hostname
2021-11-27 08:24:48.624  INFO 27948 --- [    Test worker] o.s.b.a.e.web.EndpointLinksResolver      : Exposing 1 endpoint(s) beneath base path '/actuator'
2021-11-27 08:24:48.741  INFO 27948 --- [    Test worker] o.s.i.endpoint.EventDrivenConsumer       : Adding {logging-channel-adapter:_org.springframework.integration.errorLogger} as a subscriber to the 'errorChannel' channel
2021-11-27 08:24:48.741  INFO 27948 --- [    Test worker] o.s.i.channel.PublishSubscribeChannel    : Channel 'application.errorChannel' has 1 subscriber(s).
2021-11-27 08:24:48.742  INFO 27948 --- [    Test worker] o.s.i.endpoint.EventDrivenConsumer       : started bean '_org.springframework.integration.errorLogger'
2021-11-27 08:24:48.756  INFO 27948 --- [    Test worker] c.s.vendor.VendorApplicationTests        : Started VendorApplicationTests in 8.696 seconds (JVM running for 10.369)
]]></system-out>
  <system-err><![CDATA[]]></system-err>
</testsuite>
