<?xml version="1.0" encoding="UTF-8"?>
<testsuite name="com.spreadmat.auth.AuthApplicationTests" tests="1" skipped="0" failures="0" errors="0" timestamp="2021-11-23T22:53:44" hostname="DESKTOP-CEOTH6P" time="0.042">
  <properties/>
  <testcase name="contextLoads()" classname="com.spreadmat.auth.AuthApplicationTests" time="0.042"/>
  <system-out><![CDATA[07:53:33.680 [Test worker] DEBUG org.springframework.test.context.BootstrapUtils - Instantiating CacheAwareContextLoaderDelegate from class [org.springframework.test.context.cache.DefaultCacheAwareContextLoaderDelegate]
07:53:33.690 [Test worker] DEBUG org.springframework.test.context.BootstrapUtils - Instantiating BootstrapContext using constructor [public org.springframework.test.context.support.DefaultBootstrapContext(java.lang.Class,org.springframework.test.context.CacheAwareContextLoaderDelegate)]
07:53:33.710 [Test worker] DEBUG org.springframework.test.context.BootstrapUtils - Instantiating TestContextBootstrapper for test class [com.spreadmat.auth.AuthApplicationTests] from class [org.springframework.boot.test.context.SpringBootTestContextBootstrapper]
07:53:33.721 [Test worker] INFO org.springframework.boot.test.context.SpringBootTestContextBootstrapper - Neither @ContextConfiguration nor @ContextHierarchy found for test class [com.spreadmat.auth.AuthApplicationTests], using SpringBootContextLoader
07:53:33.724 [Test worker] DEBUG org.springframework.test.context.support.AbstractContextLoader - Did not detect default resource location for test class [com.spreadmat.auth.AuthApplicationTests]: class path resource [com/spreadmat/auth/AuthApplicationTests-context.xml] does not exist
07:53:33.724 [Test worker] DEBUG org.springframework.test.context.support.AbstractContextLoader - Did not detect default resource location for test class [com.spreadmat.auth.AuthApplicationTests]: class path resource [com/spreadmat/auth/AuthApplicationTestsContext.groovy] does not exist
07:53:33.724 [Test worker] INFO org.springframework.test.context.support.AbstractContextLoader - Could not detect default resource locations for test class [com.spreadmat.auth.AuthApplicationTests]: no resource found for suffixes {-context.xml, Context.groovy}.
07:53:33.725 [Test worker] INFO org.springframework.test.context.support.AnnotationConfigContextLoaderUtils - Could not detect default configuration classes for test class [com.spreadmat.auth.AuthApplicationTests]: AuthApplicationTests does not declare any static, non-private, non-final, nested classes annotated with @Configuration.
07:53:33.753 [Test worker] DEBUG org.springframework.test.context.support.ActiveProfilesUtils - Could not find an 'annotation declaring class' for annotation type [org.springframework.test.context.ActiveProfiles] and class [com.spreadmat.auth.AuthApplicationTests]
07:53:33.801 [Test worker] DEBUG org.springframework.context.annotation.ClassPathScanningCandidateComponentProvider - Identified candidate component class: file [D:\Projects\microtest\auth\build\classes\java\main\com\spreadmat\auth\AuthApplication.class]
07:53:33.803 [Test worker] INFO org.springframework.boot.test.context.SpringBootTestContextBootstrapper - Found @SpringBootConfiguration com.spreadmat.auth.AuthApplication for test class com.spreadmat.auth.AuthApplicationTests
07:53:33.876 [Test worker] DEBUG org.springframework.boot.test.context.SpringBootTestContextBootstrapper - @TestExecutionListeners is not present for class [com.spreadmat.auth.AuthApplicationTests]: using defaults.
07:53:33.876 [Test worker] INFO org.springframework.boot.test.context.SpringBootTestContextBootstrapper - Loaded default TestExecutionListener class names from location [META-INF/spring.factories]: [org.springframework.security.test.context.support.WithSecurityContextTestExecutionListener, org.springframework.security.test.context.support.ReactorContextTestExecutionListener, org.springframework.boot.test.autoconfigure.restdocs.RestDocsTestExecutionListener, org.springframework.boot.test.autoconfigure.web.client.MockRestServiceServerResetTestExecutionListener, org.springframework.boot.test.autoconfigure.web.servlet.MockMvcPrintOnlyOnFailureTestExecutionListener, org.springframework.boot.test.autoconfigure.web.servlet.WebDriverTestExecutionListener, org.springframework.boot.test.autoconfigure.webservices.client.MockWebServiceServerTestExecutionListener, org.springframework.boot.test.mock.mockito.MockitoTestExecutionListener, org.springframework.boot.test.mock.mockito.ResetMocksTestExecutionListener, org.springframework.test.context.web.ServletTestExecutionListener, org.springframework.test.context.support.DirtiesContextBeforeModesTestExecutionListener, org.springframework.test.context.support.DependencyInjectionTestExecutionListener, org.springframework.test.context.support.DirtiesContextTestExecutionListener, org.springframework.test.context.transaction.TransactionalTestExecutionListener, org.springframework.test.context.jdbc.SqlScriptsTestExecutionListener, org.springframework.test.context.event.EventPublishingTestExecutionListener]
07:53:33.892 [Test worker] INFO org.springframework.boot.test.context.SpringBootTestContextBootstrapper - Using TestExecutionListeners: [org.springframework.test.context.web.ServletTestExecutionListener@6eb2384f, org.springframework.test.context.support.DirtiesContextBeforeModesTestExecutionListener@3c9c0d96, org.springframework.boot.test.mock.mockito.MockitoTestExecutionListener@3a4621bd, org.springframework.boot.test.autoconfigure.SpringBootDependencyInjectionTestExecutionListener@31dadd46, org.springframework.test.context.support.DirtiesContextTestExecutionListener@4ed5eb72, org.springframework.test.context.transaction.TransactionalTestExecutionListener@12f9af83, org.springframework.test.context.jdbc.SqlScriptsTestExecutionListener@19b93fa8, org.springframework.security.test.context.support.WithSecurityContextTestExecutionListener@7e6ef134, org.springframework.test.context.event.EventPublishingTestExecutionListener@1f010bf0, org.springframework.security.test.context.support.ReactorContextTestExecutionListener@40db2a24, org.springframework.boot.test.autoconfigure.restdocs.RestDocsTestExecutionListener@10cf09e8, org.springframework.boot.test.autoconfigure.web.client.MockRestServiceServerResetTestExecutionListener@1921ad94, org.springframework.boot.test.autoconfigure.web.servlet.MockMvcPrintOnlyOnFailureTestExecutionListener@ee86bcb, org.springframework.boot.test.autoconfigure.web.servlet.WebDriverTestExecutionListener@177bea38, org.springframework.boot.test.autoconfigure.webservices.client.MockWebServiceServerTestExecutionListener@7f132176, org.springframework.boot.test.mock.mockito.ResetMocksTestExecutionListener@6bca7e0d]
07:53:33.894 [Test worker] DEBUG org.springframework.test.context.support.AbstractDirtiesContextTestExecutionListener - Before test class: context [DefaultTestContext@22356acd testClass = AuthApplicationTests, testInstance = [null], testMethod = [null], testException = [null], mergedContextConfiguration = [WebMergedContextConfiguration@386f0da3 testClass = AuthApplicationTests, locations = '{}', classes = '{class com.spreadmat.auth.AuthApplication}', contextInitializerClasses = '[]', activeProfiles = '{}', propertySourceLocations = '{}', propertySourceProperties = '{org.springframework.boot.test.context.SpringBootTestContextBootstrapper=true}', contextCustomizers = set[org.springframework.boot.test.autoconfigure.properties.PropertyMappingContextCustomizer@0, org.springframework.boot.test.autoconfigure.web.servlet.WebDriverContextCustomizerFactory$Customizer@6f53b8a, org.springframework.boot.test.context.filter.ExcludeFilterContextCustomizer@5965d37, org.springframework.boot.test.json.DuplicateJsonObjectContextCustomizerFactory$DuplicateJsonObjectContextCustomizer@5b799640, org.springframework.boot.test.mock.mockito.MockitoContextCustomizer@0, org.springframework.boot.test.web.client.TestRestTemplateContextCustomizer@65f8f5ae, org.springframework.boot.test.context.SpringBootTestArgs@1, org.springframework.boot.test.context.SpringBootTestWebEnvironment@3911c2a7], resourceBasePath = 'src/main/webapp', contextLoader = 'org.springframework.boot.test.context.SpringBootContextLoader', parent = [null]], attributes = map['org.springframework.test.context.web.ServletTestExecutionListener.activateListener' -> true]], class annotated with @DirtiesContext [false] with mode [null].
07:53:33.914 [Test worker] DEBUG org.springframework.test.context.support.TestPropertySourceUtils - Adding inlined properties to environment: {spring.jmx.enabled=false, org.springframework.boot.test.context.SpringBootTestContextBootstrapper=true}

  .   ____          _            __ _ _
 /\\ / ___'_ __ _ _(_)_ __  __ _ \ \ \ \
( ( )\___ | '_ | '_| | '_ \/ _` | \ \ \ \
 \\/  ___)| |_)| | | | | || (_| |  ) ) ) )
  '  |____| .__|_| |_|_| |_\__, | / / / /
 =========|_|==============|___/=/_/_/_/
 :: Spring Boot ::       (v2.3.10.RELEASE)

2021-11-24 07:53:38.170  WARN 28484 --- [    Test worker] ory$DuplicateJsonObjectContextCustomizer : 

Found multiple occurrences of org.json.JSONObject on the class path:

	jar:file:/C:/Users/NRholic/.gradle/caches/modules-2/files-2.1/org.json/json/20210307/528c8df3757e8bcf151817b1d7b9b434f6aa08d5/json-20210307.jar!/org/json/JSONObject.class
	jar:file:/C:/Users/NRholic/.gradle/caches/modules-2/files-2.1/com.vaadin.external.google/android-json/0.0.20131108.vaadin1/fa26d351fe62a6a17f5cda1287c1c6110dec413f/android-json-0.0.20131108.vaadin1.jar!/org/json/JSONObject.class

You may wish to exclude one of them to ensure predictable runtime behavior

2021-11-24 07:53:38.173  INFO 28484 --- [    Test worker] com.spreadmat.auth.AuthApplicationTests  : No active profile set, falling back to default profiles: default
2021-11-24 07:53:38.772  INFO 28484 --- [    Test worker] .s.d.r.c.RepositoryConfigurationDelegate : Bootstrapping Spring Data JPA repositories in DEFAULT mode.
2021-11-24 07:53:38.829  INFO 28484 --- [    Test worker] .s.d.r.c.RepositoryConfigurationDelegate : Finished Spring Data repository scanning in 49ms. Found 1 JPA repository interfaces.
2021-11-24 07:53:38.993  INFO 28484 --- [    Test worker] o.s.cloud.context.scope.GenericScope     : BeanFactory id=d6e9a424-2351-38b7-8302-645b1cf12472
2021-11-24 07:53:39.332  INFO 28484 --- [    Test worker] o.hibernate.jpa.internal.util.LogHelper  : HHH000204: Processing PersistenceUnitInfo [name: default]
2021-11-24 07:53:39.375  INFO 28484 --- [    Test worker] org.hibernate.Version                    : HHH000412: Hibernate ORM core version 5.4.30.Final
2021-11-24 07:53:39.501  INFO 28484 --- [    Test worker] o.hibernate.annotations.common.Version   : HCANN000001: Hibernate Commons Annotations {5.1.2.Final}
2021-11-24 07:53:39.592  INFO 28484 --- [    Test worker] com.zaxxer.hikari.HikariDataSource       : HikariPool-1 - Starting...
2021-11-24 07:53:39.667  INFO 28484 --- [    Test worker] com.zaxxer.hikari.HikariDataSource       : HikariPool-1 - Start completed.
2021-11-24 07:53:39.693  INFO 28484 --- [    Test worker] org.hibernate.dialect.Dialect            : HHH000400: Using dialect: org.hibernate.dialect.MariaDB103Dialect
2021-11-24 07:53:40.183  INFO 28484 --- [    Test worker] o.h.e.t.j.p.i.JtaPlatformInitiator       : HHH000490: Using JtaPlatform implementation: [org.hibernate.engine.transaction.jta.platform.internal.NoJtaPlatform]
2021-11-24 07:53:40.189  INFO 28484 --- [    Test worker] j.LocalContainerEntityManagerFactoryBean : Initialized JPA EntityManagerFactory for persistence unit 'default'
2021-11-24 07:53:40.258  WARN 28484 --- [    Test worker] JpaBaseConfiguration$JpaWebConfiguration : spring.jpa.open-in-view is enabled by default. Therefore, database queries may be performed during view rendering. Explicitly configure spring.jpa.open-in-view to disable this warning
2021-11-24 07:53:41.267  INFO 28484 --- [    Test worker] o.s.s.concurrent.ThreadPoolTaskExecutor  : Initializing ExecutorService 'applicationTaskExecutor'
2021-11-24 07:53:41.929  INFO 28484 --- [    Test worker] o.s.b.a.e.web.EndpointLinksResolver      : Exposing 15 endpoint(s) beneath base path '/actuator'
2021-11-24 07:53:42.032  INFO 28484 --- [    Test worker] o.s.s.web.DefaultSecurityFilterChain     : Creating filter chain: OrRequestMatcher [requestMatchers=[Ant [pattern='/oauth/token'], Ant [pattern='/oauth/token_key'], Ant [pattern='/oauth/check_token']]], [org.springframework.security.web.context.request.async.WebAsyncManagerIntegrationFilter@7b54a0a4, org.springframework.security.web.context.SecurityContextPersistenceFilter@66fff42f, org.springframework.security.web.header.HeaderWriterFilter@64e657b0, org.springframework.security.web.authentication.logout.LogoutFilter@1983a4e4, org.springframework.security.web.authentication.www.BasicAuthenticationFilter@4e0802e0, org.springframework.security.web.savedrequest.RequestCacheAwareFilter@32cde414, org.springframework.security.web.servletapi.SecurityContextHolderAwareRequestFilter@5265a8dd, org.springframework.security.web.authentication.AnonymousAuthenticationFilter@682d9f21, org.springframework.security.web.session.SessionManagementFilter@397dfbe8, org.springframework.security.web.access.ExceptionTranslationFilter@b87ea8b, org.springframework.security.web.access.intercept.FilterSecurityInterceptor@1b800a11]
2021-11-24 07:53:42.041  INFO 28484 --- [    Test worker] o.s.s.web.DefaultSecurityFilterChain     : Creating filter chain: any request, [org.springframework.security.web.context.request.async.WebAsyncManagerIntegrationFilter@73b3ce31, org.springframework.security.web.context.SecurityContextPersistenceFilter@63ed5dae, org.springframework.security.web.header.HeaderWriterFilter@1468fc85, org.springframework.web.filter.CorsFilter@4687366b, org.springframework.security.web.csrf.CsrfFilter@3aa1c45, org.springframework.security.web.authentication.logout.LogoutFilter@566cc6af, org.springframework.security.web.authentication.www.BasicAuthenticationFilter@3d01ea33, org.springframework.security.web.savedrequest.RequestCacheAwareFilter@578198d9, org.springframework.security.web.servletapi.SecurityContextHolderAwareRequestFilter@4deca78, org.springframework.security.web.authentication.AnonymousAuthenticationFilter@3a17acd4, org.springframework.security.web.session.SessionManagementFilter@47f39279, org.springframework.security.web.access.ExceptionTranslationFilter@1614499b, org.springframework.security.web.access.intercept.FilterSecurityInterceptor@1b5cf611]
2021-11-24 07:53:44.067  INFO 28484 --- [    Test worker] o.s.cloud.commons.util.InetUtils         : Cannot determine local hostname
2021-11-24 07:53:44.084  WARN 28484 --- [    Test worker] s.o.SpringCloudSecurityAutoConfiguration : All Spring Cloud Security modules and starters are deprecated. They will be moved to individual projects in the next major release.
2021-11-24 07:53:44.113  INFO 28484 --- [    Test worker] com.spreadmat.auth.AuthApplicationTests  : Started AuthApplicationTests in 10.191 seconds (JVM running for 11.687)
]]></system-out>
  <system-err><![CDATA[]]></system-err>
</testsuite>
