<?xml version="1.0" encoding="UTF-8"?>
<testsuite name="com.spreadmat.auth.AuthApplicationTests" tests="1" skipped="0" failures="0" errors="0" timestamp="2021-11-24T22:12:18" hostname="DESKTOP-CEOTH6P" time="0.044">
  <properties/>
  <testcase name="contextLoads()" classname="com.spreadmat.auth.AuthApplicationTests" time="0.044"/>
  <system-out><![CDATA[07:12:07.118 [Test worker] DEBUG org.springframework.test.context.BootstrapUtils - Instantiating CacheAwareContextLoaderDelegate from class [org.springframework.test.context.cache.DefaultCacheAwareContextLoaderDelegate]
07:12:07.131 [Test worker] DEBUG org.springframework.test.context.BootstrapUtils - Instantiating BootstrapContext using constructor [public org.springframework.test.context.support.DefaultBootstrapContext(java.lang.Class,org.springframework.test.context.CacheAwareContextLoaderDelegate)]
07:12:07.157 [Test worker] DEBUG org.springframework.test.context.BootstrapUtils - Instantiating TestContextBootstrapper for test class [com.spreadmat.auth.AuthApplicationTests] from class [org.springframework.boot.test.context.SpringBootTestContextBootstrapper]
07:12:07.171 [Test worker] INFO org.springframework.boot.test.context.SpringBootTestContextBootstrapper - Neither @ContextConfiguration nor @ContextHierarchy found for test class [com.spreadmat.auth.AuthApplicationTests], using SpringBootContextLoader
07:12:07.175 [Test worker] DEBUG org.springframework.test.context.support.AbstractContextLoader - Did not detect default resource location for test class [com.spreadmat.auth.AuthApplicationTests]: class path resource [com/spreadmat/auth/AuthApplicationTests-context.xml] does not exist
07:12:07.176 [Test worker] DEBUG org.springframework.test.context.support.AbstractContextLoader - Did not detect default resource location for test class [com.spreadmat.auth.AuthApplicationTests]: class path resource [com/spreadmat/auth/AuthApplicationTestsContext.groovy] does not exist
07:12:07.176 [Test worker] INFO org.springframework.test.context.support.AbstractContextLoader - Could not detect default resource locations for test class [com.spreadmat.auth.AuthApplicationTests]: no resource found for suffixes {-context.xml, Context.groovy}.
07:12:07.177 [Test worker] INFO org.springframework.test.context.support.AnnotationConfigContextLoaderUtils - Could not detect default configuration classes for test class [com.spreadmat.auth.AuthApplicationTests]: AuthApplicationTests does not declare any static, non-private, non-final, nested classes annotated with @Configuration.
07:12:07.220 [Test worker] DEBUG org.springframework.test.context.support.ActiveProfilesUtils - Could not find an 'annotation declaring class' for annotation type [org.springframework.test.context.ActiveProfiles] and class [com.spreadmat.auth.AuthApplicationTests]
07:12:07.278 [Test worker] DEBUG org.springframework.context.annotation.ClassPathScanningCandidateComponentProvider - Identified candidate component class: file [D:\Projects\microtest\auth\build\classes\java\main\com\spreadmat\auth\AuthApplication.class]
07:12:07.280 [Test worker] INFO org.springframework.boot.test.context.SpringBootTestContextBootstrapper - Found @SpringBootConfiguration com.spreadmat.auth.AuthApplication for test class com.spreadmat.auth.AuthApplicationTests
07:12:07.362 [Test worker] DEBUG org.springframework.boot.test.context.SpringBootTestContextBootstrapper - @TestExecutionListeners is not present for class [com.spreadmat.auth.AuthApplicationTests]: using defaults.
07:12:07.363 [Test worker] INFO org.springframework.boot.test.context.SpringBootTestContextBootstrapper - Loaded default TestExecutionListener class names from location [META-INF/spring.factories]: [org.springframework.security.test.context.support.WithSecurityContextTestExecutionListener, org.springframework.security.test.context.support.ReactorContextTestExecutionListener, org.springframework.boot.test.autoconfigure.restdocs.RestDocsTestExecutionListener, org.springframework.boot.test.autoconfigure.web.client.MockRestServiceServerResetTestExecutionListener, org.springframework.boot.test.autoconfigure.web.servlet.MockMvcPrintOnlyOnFailureTestExecutionListener, org.springframework.boot.test.autoconfigure.web.servlet.WebDriverTestExecutionListener, org.springframework.boot.test.autoconfigure.webservices.client.MockWebServiceServerTestExecutionListener, org.springframework.boot.test.mock.mockito.MockitoTestExecutionListener, org.springframework.boot.test.mock.mockito.ResetMocksTestExecutionListener, org.springframework.test.context.web.ServletTestExecutionListener, org.springframework.test.context.support.DirtiesContextBeforeModesTestExecutionListener, org.springframework.test.context.support.DependencyInjectionTestExecutionListener, org.springframework.test.context.support.DirtiesContextTestExecutionListener, org.springframework.test.context.transaction.TransactionalTestExecutionListener, org.springframework.test.context.jdbc.SqlScriptsTestExecutionListener, org.springframework.test.context.event.EventPublishingTestExecutionListener]
07:12:07.381 [Test worker] INFO org.springframework.boot.test.context.SpringBootTestContextBootstrapper - Using TestExecutionListeners: [org.springframework.test.context.web.ServletTestExecutionListener@6eb2384f, org.springframework.test.context.support.DirtiesContextBeforeModesTestExecutionListener@3c9c0d96, org.springframework.boot.test.mock.mockito.MockitoTestExecutionListener@3a4621bd, org.springframework.boot.test.autoconfigure.SpringBootDependencyInjectionTestExecutionListener@31dadd46, org.springframework.test.context.support.DirtiesContextTestExecutionListener@4ed5eb72, org.springframework.test.context.transaction.TransactionalTestExecutionListener@12f9af83, org.springframework.test.context.jdbc.SqlScriptsTestExecutionListener@19b93fa8, org.springframework.security.test.context.support.WithSecurityContextTestExecutionListener@7e6ef134, org.springframework.test.context.event.EventPublishingTestExecutionListener@1f010bf0, org.springframework.security.test.context.support.ReactorContextTestExecutionListener@40db2a24, org.springframework.boot.test.autoconfigure.restdocs.RestDocsTestExecutionListener@10cf09e8, org.springframework.boot.test.autoconfigure.web.client.MockRestServiceServerResetTestExecutionListener@1921ad94, org.springframework.boot.test.autoconfigure.web.servlet.MockMvcPrintOnlyOnFailureTestExecutionListener@ee86bcb, org.springframework.boot.test.autoconfigure.web.servlet.WebDriverTestExecutionListener@177bea38, org.springframework.boot.test.autoconfigure.webservices.client.MockWebServiceServerTestExecutionListener@7f132176, org.springframework.boot.test.mock.mockito.ResetMocksTestExecutionListener@6bca7e0d]
07:12:07.385 [Test worker] DEBUG org.springframework.test.context.support.AbstractDirtiesContextTestExecutionListener - Before test class: context [DefaultTestContext@22356acd testClass = AuthApplicationTests, testInstance = [null], testMethod = [null], testException = [null], mergedContextConfiguration = [WebMergedContextConfiguration@386f0da3 testClass = AuthApplicationTests, locations = '{}', classes = '{class com.spreadmat.auth.AuthApplication}', contextInitializerClasses = '[]', activeProfiles = '{}', propertySourceLocations = '{}', propertySourceProperties = '{org.springframework.boot.test.context.SpringBootTestContextBootstrapper=true}', contextCustomizers = set[org.springframework.boot.test.autoconfigure.properties.PropertyMappingContextCustomizer@0, org.springframework.boot.test.autoconfigure.web.servlet.WebDriverContextCustomizerFactory$Customizer@6f53b8a, org.springframework.boot.test.context.filter.ExcludeFilterContextCustomizer@5965d37, org.springframework.boot.test.json.DuplicateJsonObjectContextCustomizerFactory$DuplicateJsonObjectContextCustomizer@5b799640, org.springframework.boot.test.mock.mockito.MockitoContextCustomizer@0, org.springframework.boot.test.web.client.TestRestTemplateContextCustomizer@65f8f5ae, org.springframework.boot.test.context.SpringBootTestArgs@1, org.springframework.boot.test.context.SpringBootTestWebEnvironment@3911c2a7], resourceBasePath = 'src/main/webapp', contextLoader = 'org.springframework.boot.test.context.SpringBootContextLoader', parent = [null]], attributes = map['org.springframework.test.context.web.ServletTestExecutionListener.activateListener' -> true]], class annotated with @DirtiesContext [false] with mode [null].
07:12:07.409 [Test worker] DEBUG org.springframework.test.context.support.TestPropertySourceUtils - Adding inlined properties to environment: {spring.jmx.enabled=false, org.springframework.boot.test.context.SpringBootTestContextBootstrapper=true}

  .   ____          _            __ _ _
 /\\ / ___'_ __ _ _(_)_ __  __ _ \ \ \ \
( ( )\___ | '_ | '_| | '_ \/ _` | \ \ \ \
 \\/  ___)| |_)| | | | | || (_| |  ) ) ) )
  '  |____| .__|_| |_|_| |_\__, | / / / /
 =========|_|==============|___/=/_/_/_/
 :: Spring Boot ::       (v2.3.10.RELEASE)

2021-11-25 07:12:11.897  WARN 29580 --- [    Test worker] ory$DuplicateJsonObjectContextCustomizer : 

Found multiple occurrences of org.json.JSONObject on the class path:

	jar:file:/C:/Users/NRholic/.gradle/caches/modules-2/files-2.1/org.json/json/20210307/528c8df3757e8bcf151817b1d7b9b434f6aa08d5/json-20210307.jar!/org/json/JSONObject.class
	jar:file:/C:/Users/NRholic/.gradle/caches/modules-2/files-2.1/com.vaadin.external.google/android-json/0.0.20131108.vaadin1/fa26d351fe62a6a17f5cda1287c1c6110dec413f/android-json-0.0.20131108.vaadin1.jar!/org/json/JSONObject.class

You may wish to exclude one of them to ensure predictable runtime behavior

2021-11-25 07:12:11.901  INFO 29580 --- [    Test worker] com.spreadmat.auth.AuthApplicationTests  : No active profile set, falling back to default profiles: default
2021-11-25 07:12:12.573  INFO 29580 --- [    Test worker] .s.d.r.c.RepositoryConfigurationDelegate : Bootstrapping Spring Data JPA repositories in DEFAULT mode.
2021-11-25 07:12:12.641  INFO 29580 --- [    Test worker] .s.d.r.c.RepositoryConfigurationDelegate : Finished Spring Data repository scanning in 59ms. Found 1 JPA repository interfaces.
2021-11-25 07:12:12.814  INFO 29580 --- [    Test worker] o.s.cloud.context.scope.GenericScope     : BeanFactory id=d6e9a424-2351-38b7-8302-645b1cf12472
2021-11-25 07:12:13.206  INFO 29580 --- [    Test worker] o.hibernate.jpa.internal.util.LogHelper  : HHH000204: Processing PersistenceUnitInfo [name: default]
2021-11-25 07:12:13.257  INFO 29580 --- [    Test worker] org.hibernate.Version                    : HHH000412: Hibernate ORM core version 5.4.30.Final
2021-11-25 07:12:13.394  INFO 29580 --- [    Test worker] o.hibernate.annotations.common.Version   : HCANN000001: Hibernate Commons Annotations {5.1.2.Final}
2021-11-25 07:12:13.485  INFO 29580 --- [    Test worker] com.zaxxer.hikari.HikariDataSource       : HikariPool-1 - Starting...
2021-11-25 07:12:13.570  INFO 29580 --- [    Test worker] com.zaxxer.hikari.HikariDataSource       : HikariPool-1 - Start completed.
2021-11-25 07:12:13.596  INFO 29580 --- [    Test worker] org.hibernate.dialect.Dialect            : HHH000400: Using dialect: org.hibernate.dialect.MariaDB103Dialect
2021-11-25 07:12:14.134  INFO 29580 --- [    Test worker] o.h.e.t.j.p.i.JtaPlatformInitiator       : HHH000490: Using JtaPlatform implementation: [org.hibernate.engine.transaction.jta.platform.internal.NoJtaPlatform]
2021-11-25 07:12:14.141  INFO 29580 --- [    Test worker] j.LocalContainerEntityManagerFactoryBean : Initialized JPA EntityManagerFactory for persistence unit 'default'
2021-11-25 07:12:14.207  WARN 29580 --- [    Test worker] JpaBaseConfiguration$JpaWebConfiguration : spring.jpa.open-in-view is enabled by default. Therefore, database queries may be performed during view rendering. Explicitly configure spring.jpa.open-in-view to disable this warning
2021-11-25 07:12:15.264  INFO 29580 --- [    Test worker] o.s.s.concurrent.ThreadPoolTaskExecutor  : Initializing ExecutorService 'applicationTaskExecutor'
2021-11-25 07:12:15.991  INFO 29580 --- [    Test worker] o.s.b.a.e.web.EndpointLinksResolver      : Exposing 15 endpoint(s) beneath base path '/actuator'
2021-11-25 07:12:16.110  INFO 29580 --- [    Test worker] o.s.s.web.DefaultSecurityFilterChain     : Creating filter chain: OrRequestMatcher [requestMatchers=[Ant [pattern='/oauth/token'], Ant [pattern='/oauth/token_key'], Ant [pattern='/oauth/check_token']]], [org.springframework.security.web.context.request.async.WebAsyncManagerIntegrationFilter@1fa58a48, org.springframework.security.web.context.SecurityContextPersistenceFilter@2ae7c1d, org.springframework.security.web.header.HeaderWriterFilter@397dfbe8, org.springframework.security.web.authentication.logout.LogoutFilter@225ac5e7, org.springframework.security.web.authentication.www.BasicAuthenticationFilter@6eadd342, org.springframework.security.web.savedrequest.RequestCacheAwareFilter@5af4328e, org.springframework.security.web.servletapi.SecurityContextHolderAwareRequestFilter@40d370fa, org.springframework.security.web.authentication.AnonymousAuthenticationFilter@3921e96f, org.springframework.security.web.session.SessionManagementFilter@78e50fca, org.springframework.security.web.access.ExceptionTranslationFilter@59831016, org.springframework.security.web.access.intercept.FilterSecurityInterceptor@3f71ae7f]
2021-11-25 07:12:16.120  INFO 29580 --- [    Test worker] o.s.s.web.DefaultSecurityFilterChain     : Creating filter chain: any request, [org.springframework.security.web.context.request.async.WebAsyncManagerIntegrationFilter@c7269ad, org.springframework.security.web.context.SecurityContextPersistenceFilter@3ff53704, org.springframework.security.web.header.HeaderWriterFilter@7f8f5d37, org.springframework.web.filter.CorsFilter@1c23e369, org.springframework.security.web.csrf.CsrfFilter@5f65e0c0, org.springframework.security.web.authentication.logout.LogoutFilter@4e933cf1, org.springframework.security.web.authentication.www.BasicAuthenticationFilter@39f8adc0, org.springframework.security.web.savedrequest.RequestCacheAwareFilter@34d11c92, org.springframework.security.web.servletapi.SecurityContextHolderAwareRequestFilter@31b289da, org.springframework.security.web.authentication.AnonymousAuthenticationFilter@38445703, org.springframework.security.web.session.SessionManagementFilter@f9cd1e6, org.springframework.security.web.access.ExceptionTranslationFilter@d70dbeb, org.springframework.security.web.access.intercept.FilterSecurityInterceptor@1d67348a]
2021-11-25 07:12:18.148  INFO 29580 --- [    Test worker] o.s.cloud.commons.util.InetUtils         : Cannot determine local hostname
2021-11-25 07:12:18.165  WARN 29580 --- [    Test worker] s.o.SpringCloudSecurityAutoConfiguration : All Spring Cloud Security modules and starters are deprecated. They will be moved to individual projects in the next major release.
2021-11-25 07:12:18.193  INFO 29580 --- [    Test worker] com.spreadmat.auth.AuthApplicationTests  : Started AuthApplicationTests in 10.777 seconds (JVM running for 12.499)
]]></system-out>
  <system-err><![CDATA[]]></system-err>
</testsuite>
