<?xml version="1.0" encoding="UTF-8"?>
<testsuite name="com.spreadmat.qna.QnaApplicationTests" tests="1" skipped="0" failures="0" errors="0" timestamp="2021-11-26T23:59:52" hostname="DESKTOP-CEOTH6P" time="0.055">
  <properties/>
  <testcase name="contextLoads()" classname="com.spreadmat.qna.QnaApplicationTests" time="0.055"/>
  <system-out><![CDATA[08:59:43.941 [Test worker] DEBUG org.springframework.test.context.BootstrapUtils - Instantiating CacheAwareContextLoaderDelegate from class [org.springframework.test.context.cache.DefaultCacheAwareContextLoaderDelegate]
08:59:43.953 [Test worker] DEBUG org.springframework.test.context.BootstrapUtils - Instantiating BootstrapContext using constructor [public org.springframework.test.context.support.DefaultBootstrapContext(java.lang.Class,org.springframework.test.context.CacheAwareContextLoaderDelegate)]
08:59:43.979 [Test worker] DEBUG org.springframework.test.context.BootstrapUtils - Instantiating TestContextBootstrapper for test class [com.spreadmat.qna.QnaApplicationTests] from class [org.springframework.boot.test.context.SpringBootTestContextBootstrapper]
08:59:44.000 [Test worker] INFO org.springframework.boot.test.context.SpringBootTestContextBootstrapper - Neither @ContextConfiguration nor @ContextHierarchy found for test class [com.spreadmat.qna.QnaApplicationTests], using SpringBootContextLoader
08:59:44.004 [Test worker] DEBUG org.springframework.test.context.support.AbstractContextLoader - Did not detect default resource location for test class [com.spreadmat.qna.QnaApplicationTests]: class path resource [com/spreadmat/qna/QnaApplicationTests-context.xml] does not exist
08:59:44.004 [Test worker] DEBUG org.springframework.test.context.support.AbstractContextLoader - Did not detect default resource location for test class [com.spreadmat.qna.QnaApplicationTests]: class path resource [com/spreadmat/qna/QnaApplicationTestsContext.groovy] does not exist
08:59:44.004 [Test worker] INFO org.springframework.test.context.support.AbstractContextLoader - Could not detect default resource locations for test class [com.spreadmat.qna.QnaApplicationTests]: no resource found for suffixes {-context.xml, Context.groovy}.
08:59:44.005 [Test worker] INFO org.springframework.test.context.support.AnnotationConfigContextLoaderUtils - Could not detect default configuration classes for test class [com.spreadmat.qna.QnaApplicationTests]: QnaApplicationTests does not declare any static, non-private, non-final, nested classes annotated with @Configuration.
08:59:44.070 [Test worker] DEBUG org.springframework.test.context.support.ActiveProfilesUtils - Could not find an 'annotation declaring class' for annotation type [org.springframework.test.context.ActiveProfiles] and class [com.spreadmat.qna.QnaApplicationTests]
08:59:44.116 [Test worker] DEBUG org.springframework.context.annotation.ClassPathScanningCandidateComponentProvider - Identified candidate component class: file [D:\Projects\microtest\qna\build\classes\java\main\com\spreadmat\qna\QnaApplication.class]
08:59:44.118 [Test worker] INFO org.springframework.boot.test.context.SpringBootTestContextBootstrapper - Found @SpringBootConfiguration com.spreadmat.qna.QnaApplication for test class com.spreadmat.qna.QnaApplicationTests
08:59:44.197 [Test worker] DEBUG org.springframework.boot.test.context.SpringBootTestContextBootstrapper - @TestExecutionListeners is not present for class [com.spreadmat.qna.QnaApplicationTests]: using defaults.
08:59:44.197 [Test worker] INFO org.springframework.boot.test.context.SpringBootTestContextBootstrapper - Loaded default TestExecutionListener class names from location [META-INF/spring.factories]: [org.springframework.boot.test.autoconfigure.restdocs.RestDocsTestExecutionListener, org.springframework.boot.test.autoconfigure.web.client.MockRestServiceServerResetTestExecutionListener, org.springframework.boot.test.autoconfigure.web.servlet.MockMvcPrintOnlyOnFailureTestExecutionListener, org.springframework.boot.test.autoconfigure.web.servlet.WebDriverTestExecutionListener, org.springframework.boot.test.autoconfigure.webservices.client.MockWebServiceServerTestExecutionListener, org.springframework.boot.test.mock.mockito.MockitoTestExecutionListener, org.springframework.boot.test.mock.mockito.ResetMocksTestExecutionListener, org.springframework.test.context.web.ServletTestExecutionListener, org.springframework.test.context.support.DirtiesContextBeforeModesTestExecutionListener, org.springframework.test.context.event.ApplicationEventsTestExecutionListener, org.springframework.test.context.support.DependencyInjectionTestExecutionListener, org.springframework.test.context.support.DirtiesContextTestExecutionListener, org.springframework.test.context.transaction.TransactionalTestExecutionListener, org.springframework.test.context.jdbc.SqlScriptsTestExecutionListener, org.springframework.test.context.event.EventPublishingTestExecutionListener]
08:59:44.223 [Test worker] INFO org.springframework.boot.test.context.SpringBootTestContextBootstrapper - Using TestExecutionListeners: [org.springframework.test.context.web.ServletTestExecutionListener@4ae9cfc1, org.springframework.test.context.support.DirtiesContextBeforeModesTestExecutionListener@512baff6, org.springframework.test.context.event.ApplicationEventsTestExecutionListener@632ceb35, org.springframework.boot.test.mock.mockito.MockitoTestExecutionListener@1c93f6e1, org.springframework.boot.test.autoconfigure.SpringBootDependencyInjectionTestExecutionListener@1800a575, org.springframework.test.context.support.DirtiesContextTestExecutionListener@1458ed9c, org.springframework.test.context.transaction.TransactionalTestExecutionListener@10a9d961, org.springframework.test.context.jdbc.SqlScriptsTestExecutionListener@130e116b, org.springframework.test.context.event.EventPublishingTestExecutionListener@e383572, org.springframework.boot.test.autoconfigure.restdocs.RestDocsTestExecutionListener@5ddf0d24, org.springframework.boot.test.autoconfigure.web.client.MockRestServiceServerResetTestExecutionListener@363a52f, org.springframework.boot.test.autoconfigure.web.servlet.MockMvcPrintOnlyOnFailureTestExecutionListener@60856961, org.springframework.boot.test.autoconfigure.web.servlet.WebDriverTestExecutionListener@2fd953a6, org.springframework.boot.test.autoconfigure.webservices.client.MockWebServiceServerTestExecutionListener@a4add54, org.springframework.boot.test.mock.mockito.ResetMocksTestExecutionListener@141e5bef]
08:59:44.226 [Test worker] DEBUG org.springframework.test.context.support.AbstractDirtiesContextTestExecutionListener - Before test class: context [DefaultTestContext@56928307 testClass = QnaApplicationTests, testInstance = [null], testMethod = [null], testException = [null], mergedContextConfiguration = [WebMergedContextConfiguration@3899782c testClass = QnaApplicationTests, locations = '{}', classes = '{class com.spreadmat.qna.QnaApplication}', contextInitializerClasses = '[]', activeProfiles = '{}', propertySourceLocations = '{}', propertySourceProperties = '{org.springframework.boot.test.context.SpringBootTestContextBootstrapper=true}', contextCustomizers = set[org.springframework.boot.test.autoconfigure.actuate.metrics.MetricsExportContextCustomizerFactory$DisableMetricExportContextCustomizer@7ef82753, org.springframework.boot.test.autoconfigure.properties.PropertyMappingContextCustomizer@0, org.springframework.boot.test.autoconfigure.web.servlet.WebDriverContextCustomizerFactory$Customizer@17f9d882, org.springframework.boot.test.context.filter.ExcludeFilterContextCustomizer@4a83a74a, org.springframework.boot.test.json.DuplicateJsonObjectContextCustomizerFactory$DuplicateJsonObjectContextCustomizer@7f485fda, org.springframework.boot.test.mock.mockito.MockitoContextCustomizer@0, org.springframework.boot.test.web.client.TestRestTemplateContextCustomizer@48bb62, org.springframework.boot.test.context.SpringBootTestArgs@1, org.springframework.boot.test.context.SpringBootTestWebEnvironment@4df50bcc], resourceBasePath = 'src/main/webapp', contextLoader = 'org.springframework.boot.test.context.SpringBootContextLoader', parent = [null]], attributes = map['org.springframework.test.context.web.ServletTestExecutionListener.activateListener' -> true]], class annotated with @DirtiesContext [false] with mode [null].
08:59:44.257 [Test worker] DEBUG org.springframework.test.context.support.TestPropertySourceUtils - Adding inlined properties to environment: {spring.jmx.enabled=false, org.springframework.boot.test.context.SpringBootTestContextBootstrapper=true}

  .   ____          _            __ _ _
 /\\ / ___'_ __ _ _(_)_ __  __ _ \ \ \ \
( ( )\___ | '_ | '_| | '_ \/ _` | \ \ \ \
 \\/  ___)| |_)| | | | | || (_| |  ) ) ) )
  '  |____| .__|_| |_|_| |_\__, | / / / /
 =========|_|==============|___/=/_/_/_/
 :: Spring Boot ::                (v2.5.6)

2021-11-27 08:59:46.500  INFO 25012 --- [    Test worker] com.spreadmat.qna.QnaApplicationTests    : Starting QnaApplicationTests using Java 1.8.0_301 on DESKTOP-CEOTH6P with PID 25012 (started by NRholic in D:\Projects\microtest\qna)
2021-11-27 08:59:46.501  INFO 25012 --- [    Test worker] com.spreadmat.qna.QnaApplicationTests    : No active profile set, falling back to default profiles: default
2021-11-27 08:59:47.127  INFO 25012 --- [    Test worker] .s.d.r.c.RepositoryConfigurationDelegate : Bootstrapping Spring Data JPA repositories in DEFAULT mode.
2021-11-27 08:59:47.165  INFO 25012 --- [    Test worker] .s.d.r.c.RepositoryConfigurationDelegate : Finished Spring Data repository scanning in 32 ms. Found 1 JPA repository interfaces.
2021-11-27 08:59:47.311  INFO 25012 --- [    Test worker] o.s.cloud.context.scope.GenericScope     : BeanFactory id=d88dd6e0-baa5-3d0f-bebe-c9064e206dce
2021-11-27 08:59:47.682  INFO 25012 --- [    Test worker] com.zaxxer.hikari.HikariDataSource       : HikariPool-1 - Starting...
2021-11-27 08:59:47.740  INFO 25012 --- [    Test worker] com.zaxxer.hikari.HikariDataSource       : HikariPool-1 - Start completed.
2021-11-27 08:59:47.795  INFO 25012 --- [    Test worker] o.hibernate.jpa.internal.util.LogHelper  : HHH000204: Processing PersistenceUnitInfo [name: default]
2021-11-27 08:59:47.848  INFO 25012 --- [    Test worker] org.hibernate.Version                    : HHH000412: Hibernate ORM core version 5.4.32.Final
2021-11-27 08:59:47.980  INFO 25012 --- [    Test worker] o.hibernate.annotations.common.Version   : HCANN000001: Hibernate Commons Annotations {5.1.2.Final}
2021-11-27 08:59:48.087  INFO 25012 --- [    Test worker] org.hibernate.dialect.Dialect            : HHH000400: Using dialect: org.hibernate.dialect.MariaDB103Dialect
2021-11-27 08:59:48.511  INFO 25012 --- [    Test worker] o.h.e.t.j.p.i.JtaPlatformInitiator       : HHH000490: Using JtaPlatform implementation: [org.hibernate.engine.transaction.jta.platform.internal.NoJtaPlatform]
2021-11-27 08:59:48.518  INFO 25012 --- [    Test worker] j.LocalContainerEntityManagerFactoryBean : Initialized JPA EntityManagerFactory for persistence unit 'default'
2021-11-27 08:59:49.055  WARN 25012 --- [    Test worker] JpaBaseConfiguration$JpaWebConfiguration : spring.jpa.open-in-view is enabled by default. Therefore, database queries may be performed during view rendering. Explicitly configure spring.jpa.open-in-view to disable this warning
2021-11-27 08:59:52.216  INFO 25012 --- [    Test worker] o.s.cloud.commons.util.InetUtils         : Cannot determine local hostname
2021-11-27 08:59:52.239  INFO 25012 --- [    Test worker] o.s.b.a.e.web.EndpointLinksResolver      : Exposing 1 endpoint(s) beneath base path '/actuator'
2021-11-27 08:59:52.278  INFO 25012 --- [    Test worker] com.spreadmat.qna.QnaApplicationTests    : Started QnaApplicationTests in 8.015 seconds (JVM running for 9.718)
]]></system-out>
  <system-err><![CDATA[]]></system-err>
</testsuite>
