<?xml version="1.0" encoding="UTF-8"?>
<testsuite name="com.spreadmat.notice.NoticeApplicationTests" tests="1" skipped="0" failures="0" errors="0" timestamp="2021-11-26T23:42:23" hostname="DESKTOP-CEOTH6P" time="0.059">
  <properties/>
  <testcase name="contextLoads()" classname="com.spreadmat.notice.NoticeApplicationTests" time="0.059"/>
  <system-out><![CDATA[08:42:14.926 [Test worker] DEBUG org.springframework.test.context.BootstrapUtils - Instantiating CacheAwareContextLoaderDelegate from class [org.springframework.test.context.cache.DefaultCacheAwareContextLoaderDelegate]
08:42:14.936 [Test worker] DEBUG org.springframework.test.context.BootstrapUtils - Instantiating BootstrapContext using constructor [public org.springframework.test.context.support.DefaultBootstrapContext(java.lang.Class,org.springframework.test.context.CacheAwareContextLoaderDelegate)]
08:42:14.963 [Test worker] DEBUG org.springframework.test.context.BootstrapUtils - Instantiating TestContextBootstrapper for test class [com.spreadmat.notice.NoticeApplicationTests] from class [org.springframework.boot.test.context.SpringBootTestContextBootstrapper]
08:42:14.979 [Test worker] INFO org.springframework.boot.test.context.SpringBootTestContextBootstrapper - Neither @ContextConfiguration nor @ContextHierarchy found for test class [com.spreadmat.notice.NoticeApplicationTests], using SpringBootContextLoader
08:42:14.982 [Test worker] DEBUG org.springframework.test.context.support.AbstractContextLoader - Did not detect default resource location for test class [com.spreadmat.notice.NoticeApplicationTests]: class path resource [com/spreadmat/notice/NoticeApplicationTests-context.xml] does not exist
08:42:14.982 [Test worker] DEBUG org.springframework.test.context.support.AbstractContextLoader - Did not detect default resource location for test class [com.spreadmat.notice.NoticeApplicationTests]: class path resource [com/spreadmat/notice/NoticeApplicationTestsContext.groovy] does not exist
08:42:14.982 [Test worker] INFO org.springframework.test.context.support.AbstractContextLoader - Could not detect default resource locations for test class [com.spreadmat.notice.NoticeApplicationTests]: no resource found for suffixes {-context.xml, Context.groovy}.
08:42:14.983 [Test worker] INFO org.springframework.test.context.support.AnnotationConfigContextLoaderUtils - Could not detect default configuration classes for test class [com.spreadmat.notice.NoticeApplicationTests]: NoticeApplicationTests does not declare any static, non-private, non-final, nested classes annotated with @Configuration.
08:42:15.020 [Test worker] DEBUG org.springframework.test.context.support.ActiveProfilesUtils - Could not find an 'annotation declaring class' for annotation type [org.springframework.test.context.ActiveProfiles] and class [com.spreadmat.notice.NoticeApplicationTests]
08:42:15.064 [Test worker] DEBUG org.springframework.context.annotation.ClassPathScanningCandidateComponentProvider - Identified candidate component class: file [D:\Projects\microtest\notice\build\classes\java\main\com\spreadmat\notice\NoticeApplication.class]
08:42:15.065 [Test worker] INFO org.springframework.boot.test.context.SpringBootTestContextBootstrapper - Found @SpringBootConfiguration com.spreadmat.notice.NoticeApplication for test class com.spreadmat.notice.NoticeApplicationTests
08:42:15.141 [Test worker] DEBUG org.springframework.boot.test.context.SpringBootTestContextBootstrapper - @TestExecutionListeners is not present for class [com.spreadmat.notice.NoticeApplicationTests]: using defaults.
08:42:15.141 [Test worker] INFO org.springframework.boot.test.context.SpringBootTestContextBootstrapper - Loaded default TestExecutionListener class names from location [META-INF/spring.factories]: [org.springframework.boot.test.autoconfigure.restdocs.RestDocsTestExecutionListener, org.springframework.boot.test.autoconfigure.web.client.MockRestServiceServerResetTestExecutionListener, org.springframework.boot.test.autoconfigure.web.servlet.MockMvcPrintOnlyOnFailureTestExecutionListener, org.springframework.boot.test.autoconfigure.web.servlet.WebDriverTestExecutionListener, org.springframework.boot.test.autoconfigure.webservices.client.MockWebServiceServerTestExecutionListener, org.springframework.boot.test.mock.mockito.MockitoTestExecutionListener, org.springframework.boot.test.mock.mockito.ResetMocksTestExecutionListener, org.springframework.test.context.web.ServletTestExecutionListener, org.springframework.test.context.support.DirtiesContextBeforeModesTestExecutionListener, org.springframework.test.context.event.ApplicationEventsTestExecutionListener, org.springframework.test.context.support.DependencyInjectionTestExecutionListener, org.springframework.test.context.support.DirtiesContextTestExecutionListener, org.springframework.test.context.transaction.TransactionalTestExecutionListener, org.springframework.test.context.jdbc.SqlScriptsTestExecutionListener, org.springframework.test.context.event.EventPublishingTestExecutionListener]
08:42:15.159 [Test worker] INFO org.springframework.boot.test.context.SpringBootTestContextBootstrapper - Using TestExecutionListeners: [org.springframework.test.context.web.ServletTestExecutionListener@4ae9cfc1, org.springframework.test.context.support.DirtiesContextBeforeModesTestExecutionListener@512baff6, org.springframework.test.context.event.ApplicationEventsTestExecutionListener@632ceb35, org.springframework.boot.test.mock.mockito.MockitoTestExecutionListener@1c93f6e1, org.springframework.boot.test.autoconfigure.SpringBootDependencyInjectionTestExecutionListener@1800a575, org.springframework.test.context.support.DirtiesContextTestExecutionListener@1458ed9c, org.springframework.test.context.transaction.TransactionalTestExecutionListener@10a9d961, org.springframework.test.context.jdbc.SqlScriptsTestExecutionListener@130e116b, org.springframework.test.context.event.EventPublishingTestExecutionListener@e383572, org.springframework.boot.test.autoconfigure.restdocs.RestDocsTestExecutionListener@5ddf0d24, org.springframework.boot.test.autoconfigure.web.client.MockRestServiceServerResetTestExecutionListener@363a52f, org.springframework.boot.test.autoconfigure.web.servlet.MockMvcPrintOnlyOnFailureTestExecutionListener@60856961, org.springframework.boot.test.autoconfigure.web.servlet.WebDriverTestExecutionListener@2fd953a6, org.springframework.boot.test.autoconfigure.webservices.client.MockWebServiceServerTestExecutionListener@a4add54, org.springframework.boot.test.mock.mockito.ResetMocksTestExecutionListener@141e5bef]
08:42:15.163 [Test worker] DEBUG org.springframework.test.context.support.AbstractDirtiesContextTestExecutionListener - Before test class: context [DefaultTestContext@56928307 testClass = NoticeApplicationTests, testInstance = [null], testMethod = [null], testException = [null], mergedContextConfiguration = [WebMergedContextConfiguration@3899782c testClass = NoticeApplicationTests, locations = '{}', classes = '{class com.spreadmat.notice.NoticeApplication}', contextInitializerClasses = '[]', activeProfiles = '{}', propertySourceLocations = '{}', propertySourceProperties = '{org.springframework.boot.test.context.SpringBootTestContextBootstrapper=true}', contextCustomizers = set[org.springframework.boot.test.autoconfigure.actuate.metrics.MetricsExportContextCustomizerFactory$DisableMetricExportContextCustomizer@7ef82753, org.springframework.boot.test.autoconfigure.properties.PropertyMappingContextCustomizer@0, org.springframework.boot.test.autoconfigure.web.servlet.WebDriverContextCustomizerFactory$Customizer@17f9d882, org.springframework.boot.test.context.filter.ExcludeFilterContextCustomizer@4a83a74a, org.springframework.boot.test.json.DuplicateJsonObjectContextCustomizerFactory$DuplicateJsonObjectContextCustomizer@7f485fda, org.springframework.boot.test.mock.mockito.MockitoContextCustomizer@0, org.springframework.boot.test.web.client.TestRestTemplateContextCustomizer@48bb62, org.springframework.boot.test.context.SpringBootTestArgs@1, org.springframework.boot.test.context.SpringBootTestWebEnvironment@4df50bcc], resourceBasePath = 'src/main/webapp', contextLoader = 'org.springframework.boot.test.context.SpringBootContextLoader', parent = [null]], attributes = map['org.springframework.test.context.web.ServletTestExecutionListener.activateListener' -> true]], class annotated with @DirtiesContext [false] with mode [null].
08:42:15.192 [Test worker] DEBUG org.springframework.test.context.support.TestPropertySourceUtils - Adding inlined properties to environment: {spring.jmx.enabled=false, org.springframework.boot.test.context.SpringBootTestContextBootstrapper=true}

  .   ____          _            __ _ _
 /\\ / ___'_ __ _ _(_)_ __  __ _ \ \ \ \
( ( )\___ | '_ | '_| | '_ \/ _` | \ \ \ \
 \\/  ___)| |_)| | | | | || (_| |  ) ) ) )
  '  |____| .__|_| |_|_| |_\__, | / / / /
 =========|_|==============|___/=/_/_/_/
 :: Spring Boot ::                (v2.5.6)

2021-11-27 08:42:17.440  INFO 22032 --- [    Test worker] c.s.notice.NoticeApplicationTests        : Starting NoticeApplicationTests using Java 1.8.0_301 on DESKTOP-CEOTH6P with PID 22032 (started by NRholic in D:\Projects\microtest\notice)
2021-11-27 08:42:17.441  INFO 22032 --- [    Test worker] c.s.notice.NoticeApplicationTests        : No active profile set, falling back to default profiles: default
2021-11-27 08:42:18.069  INFO 22032 --- [    Test worker] .s.d.r.c.RepositoryConfigurationDelegate : Bootstrapping Spring Data JPA repositories in DEFAULT mode.
2021-11-27 08:42:18.107  INFO 22032 --- [    Test worker] .s.d.r.c.RepositoryConfigurationDelegate : Finished Spring Data repository scanning in 33 ms. Found 1 JPA repository interfaces.
2021-11-27 08:42:18.276  INFO 22032 --- [    Test worker] o.s.cloud.context.scope.GenericScope     : BeanFactory id=28f6bbcf-240c-3fa3-860a-842632c1a17f
2021-11-27 08:42:18.710  INFO 22032 --- [    Test worker] com.zaxxer.hikari.HikariDataSource       : HikariPool-1 - Starting...
2021-11-27 08:42:18.782  INFO 22032 --- [    Test worker] com.zaxxer.hikari.HikariDataSource       : HikariPool-1 - Start completed.
2021-11-27 08:42:18.842  INFO 22032 --- [    Test worker] o.hibernate.jpa.internal.util.LogHelper  : HHH000204: Processing PersistenceUnitInfo [name: default]
2021-11-27 08:42:18.892  INFO 22032 --- [    Test worker] org.hibernate.Version                    : HHH000412: Hibernate ORM core version 5.4.32.Final
2021-11-27 08:42:19.034  INFO 22032 --- [    Test worker] o.hibernate.annotations.common.Version   : HCANN000001: Hibernate Commons Annotations {5.1.2.Final}
2021-11-27 08:42:19.156  INFO 22032 --- [    Test worker] org.hibernate.dialect.Dialect            : HHH000400: Using dialect: org.hibernate.dialect.MariaDB103Dialect
2021-11-27 08:42:19.598  INFO 22032 --- [    Test worker] o.h.e.t.j.p.i.JtaPlatformInitiator       : HHH000490: Using JtaPlatform implementation: [org.hibernate.engine.transaction.jta.platform.internal.NoJtaPlatform]
2021-11-27 08:42:19.606  INFO 22032 --- [    Test worker] j.LocalContainerEntityManagerFactoryBean : Initialized JPA EntityManagerFactory for persistence unit 'default'
2021-11-27 08:42:20.138  WARN 22032 --- [    Test worker] JpaBaseConfiguration$JpaWebConfiguration : spring.jpa.open-in-view is enabled by default. Therefore, database queries may be performed during view rendering. Explicitly configure spring.jpa.open-in-view to disable this warning
2021-11-27 08:42:23.435  INFO 22032 --- [    Test worker] o.s.cloud.commons.util.InetUtils         : Cannot determine local hostname
2021-11-27 08:42:23.460  INFO 22032 --- [    Test worker] o.s.b.a.e.web.EndpointLinksResolver      : Exposing 1 endpoint(s) beneath base path '/actuator'
2021-11-27 08:42:23.505  INFO 22032 --- [    Test worker] c.s.notice.NoticeApplicationTests        : Started NoticeApplicationTests in 8.305 seconds (JVM running for 9.923)
]]></system-out>
  <system-err><![CDATA[]]></system-err>
</testsuite>
